<?xml version="1.0" encoding="UTF-8"?>
<!-- Generated by org.testng.reporters.JUnitReportReporter -->
<testsuite hostname="Orangelt0205" failures="0" tests="1" name="Dining_Page_Test.Dining_Page_Test004" time="80.376" errors="0" timestamp="2022-11-15T16:59:11 IST" skipped="0">
  <testcase classname="Dining_Page_Test.Dining_Page_Test004" name="Dining_Page_Color_filter_test" time="80.376"/>
  <system-out/>
</testsuite> <!-- Dining_Page_Test.Dining_Page_Test004 -->
